[2024-01-12 22:58:33] [INFO    ] discord_bot: Logged in as SkyNet
[2024-01-12 22:58:33] [INFO    ] discord_bot: discord.py API version: 2.3.2
[2024-01-12 22:58:33] [INFO    ] discord_bot: Python version: 3.9.18
[2024-01-12 22:58:33] [INFO    ] discord_bot: Running on: Linux 5.15.133.1-microsoft-standard-WSL2 (posix)
[2024-01-12 22:58:33] [INFO    ] discord_bot: -------------------
[2024-01-12 22:58:37] [INFO    ] discord_bot: Executed verify command in TRP4 Planning (ID: 1184377821120974848) by aesoppopotamus (ID: 225833171260932096)
[2024-01-12 22:58:43] [INFO    ] discord_bot: Executed verify command in TRP4 Planning (ID: 1184377821120974848) by aesoppopotamus (ID: 225833171260932096)
[2024-01-12 22:59:19] [INFO    ] discord_bot: Executed verify command in TRP4 Planning (ID: 1184377821120974848) by ablazeofglory (ID: 451853626391134228)
[2024-01-12 23:00:15] [INFO    ] discord_bot: Executed whoisverified command in TRP4 Planning (ID: 1184377821120974848) by ablazeofglory (ID: 451853626391134228)
[2024-01-12 23:00:24] [INFO    ] discord_bot: Executed verify command in TRP4 Planning (ID: 1184377821120974848) by lambdasucks (ID: 218933168873406464)
[2024-01-12 23:00:30] [INFO    ] discord_bot: Executed verify command in TRP4 Planning (ID: 1184377821120974848) by lambdasucks (ID: 218933168873406464)
[2024-01-12 23:00:33] [INFO    ] discord_bot: Executed verify command in TRP4 Planning (ID: 1184377821120974848) by ablazeofglory (ID: 451853626391134228)
[2024-01-12 23:00:44] [INFO    ] discord_bot: Executed verify command in TRP4 Planning (ID: 1184377821120974848) by lambdasucks (ID: 218933168873406464)
[2024-01-12 23:00:58] [INFO    ] discord_bot: Executed verify command in TRP4 Planning (ID: 1184377821120974848) by ablazeofglory (ID: 451853626391134228)
[2024-01-12 23:01:05] [INFO    ] discord_bot: Executed verify command in TRP4 Planning (ID: 1184377821120974848) by lambdasucks (ID: 218933168873406464)
[2024-01-12 23:01:12] [INFO    ] discord_bot: Executed verify command in TRP4 Planning (ID: 1184377821120974848) by ablazeofglory (ID: 451853626391134228)
[2024-01-12 23:01:28] [INFO    ] discord_bot: Executed verify command in TRP4 Planning (ID: 1184377821120974848) by ablazeofglory (ID: 451853626391134228)
[2024-01-12 23:01:34] [INFO    ] discord_bot: Executed verify command in TRP4 Planning (ID: 1184377821120974848) by ablazeofglory (ID: 451853626391134228)
[2024-01-12 23:01:52] [INFO    ] discord_bot: Executed verify command in TRP4 Planning (ID: 1184377821120974848) by ablazeofglory (ID: 451853626391134228)
[2024-01-12 23:02:07] [INFO    ] discord_bot: Executed verify command in TRP4 Planning (ID: 1184377821120974848) by ablazeofglory (ID: 451853626391134228)
[2024-01-12 23:02:14] [INFO    ] discord_bot: Executed verify command in TRP4 Planning (ID: 1184377821120974848) by ablazeofglory (ID: 451853626391134228)
